\BOOKMARK [1][-]{section.1}{Introduction and conventions}{}% 1
\BOOKMARK [2][-]{subsection.1.1}{Introduction}{section.1}% 2
\BOOKMARK [2][-]{subsection.1.2}{General conventions}{section.1}% 3
\BOOKMARK [2][-]{subsection.1.3}{The marked-scaled model structure}{section.1}% 4
\BOOKMARK [1][-]{section.2}{A new Barwick's theorem}{}% 5
\BOOKMARK [1][-]{section.3}{Horn filling via left Kan extensions}{}% 6
\BOOKMARK [2][-]{subsection.3.1}{Basic facts about Kan extensions}{section.3}% 7
\BOOKMARK [2][-]{subsection.3.2}{Filling cubes relative to their boundaries}{section.3}% 8
\BOOKMARK [2][-]{subsection.3.3}{Adjunct data}{section.3}% 9
\BOOKMARK [2][-]{subsection.3.4}{Left Kan implies globally left Kan}{section.3}% 10
\BOOKMARK [2][-]{subsection.3.5}{A few other tricks with Kan extensions}{section.3}% 11
\BOOKMARK [1][-]{section.4}{Local systems}{}% 12
\BOOKMARK [2][-]{subsection.4.1}{The enhanced twisted arrow category}{section.4}% 13
\BOOKMARK [2][-]{subsection.4.2}{Two lemmas about marked-scaled anodyne morphisms}{section.4}% 14
\BOOKMARK [2][-]{subsection.4.3}{The infinity-category of local systems}{section.4}% 15
\BOOKMARK [3][-]{subsubsection.4.3.1}{The basic idea}{subsection.4.3}% 16
\BOOKMARK [3][-]{subsubsection.4.3.2}{Cosimplicial objects}{subsection.4.3}% 17
\BOOKMARK [2][-]{subsection.4.4}{The map governing local systems is a cocartesian fibration}{section.4}% 18
\BOOKMARK [1][-]{section.5}{Push-pull of local systems}{}% 19
\BOOKMARK [1][-]{section.6}{Monoidal push-pull of local systems}{}% 20
\BOOKMARK [2][-]{subsection.6.1}{The lax monoidal Grothendieck construction}{section.6}% 21
\BOOKMARK [2][-]{subsection.6.2}{Monoidal Beck-Chevalley fibrations}{section.6}% 22
\BOOKMARK [2][-]{subsection.6.3}{The monoidal twisted arrow category}{section.6}% 23
